#
# A fatal error has been detected by the Java Runtime Environment:
#
#  Internal Error (classFileParser.cpp:3494), pid=8110, tid=3077614400
#  Error: ShouldNotReachHere()
#
# JRE version: 6.0_27-b27
# Java VM: OpenJDK Server VM (20.0-b12 mixed mode linux-x86 )
# Derivative: IcedTea6 1.12.6
# Distribution: Ubuntu 12.04 LTS, package 6b27-1.12.6-1ubuntu0.12.04.2
# If you would like to submit a bug report, please include
# instructions how to reproduce the bug and visit:
#   https://bugs.launchpad.net/ubuntu/+source/openjdk-6/
#

---------------  T H R E A D  ---------------

Current thread (0xb7505800):  JavaThread "Unknown thread" [_thread_in_vm, id=8116, stack(0xb76ba000,0xb770b000)]

Stack: [0xb76ba000,0xb770b000]
[error occurred during error reporting (printing stack bounds), id 0xb]


[error occurred during error reporting (printing native stack), id 0xb]


---------------  P R O C E S S  ---------------

Java Threads: ( => current thread )

Other Threads:

=>0xb7505800 (exited) JavaThread "Unknown thread" [_thread_in_vm, id=8116, stack(0xb76ba000,0xb770b000)]

VM state:not at safepoint (not fully initialized)

VM Mutex/Monitor currently owned by a thread: None

Dynamic libraries:
00110000-001e8000 r-xp 00000000 08:01 4456473    /usr/lib/i386-linux-gnu/libstdc++.so.6.0.16
001e8000-001e9000 ---p 000d8000 08:01 4456473    /usr/lib/i386-linux-gnu/libstdc++.so.6.0.16
001e9000-001ed000 r--p 000d8000 08:01 4456473    /usr/lib/i386-linux-gnu/libstdc++.so.6.0.16
001ed000-001ee000 rw-p 000dc000 08:01 4456473    /usr/lib/i386-linux-gnu/libstdc++.so.6.0.16
001ee000-001f5000 rw-p 00000000 00:00 0 
0020f000-00223000 r-xp 00000000 08:01 4194411    /lib/i386-linux-gnu/libz.so.1.2.3.4
00223000-00224000 r--p 00013000 08:01 4194411    /lib/i386-linux-gnu/libz.so.1.2.3.4
00224000-00225000 rw-p 00014000 08:01 4194411    /lib/i386-linux-gnu/libz.so.1.2.3.4
00225000-00241000 r-xp 00000000 08:01 4194375    /lib/i386-linux-gnu/libgcc_s.so.1
00241000-00242000 r--p 0001b000 08:01 4194375    /lib/i386-linux-gnu/libgcc_s.so.1
00242000-00243000 rw-p 0001c000 08:01 4194375    /lib/i386-linux-gnu/libgcc_s.so.1
00243000-00269000 r-xp 00000000 08:01 4618670    /usr/lib/jvm/java-6-openjdk-i386/jre/lib/i386/libjava.so
00269000-0026a000 r--p 00025000 08:01 4618670    /usr/lib/jvm/java-6-openjdk-i386/jre/lib/i386/libjava.so
0026a000-0026c000 rw-p 00026000 08:01 4618670    /usr/lib/jvm/java-6-openjdk-i386/jre/lib/i386/libjava.so
00364000-0036b000 r-xp 00000000 08:01 4202932    /lib/i386-linux-gnu/libnss_compat-2.15.so
0036b000-0036c000 r--p 00006000 08:01 4202932    /lib/i386-linux-gnu/libnss_compat-2.15.so
0036c000-0036d000 rw-p 00007000 08:01 4202932    /lib/i386-linux-gnu/libnss_compat-2.15.so
003f4000-003fe000 r-xp 00000000 08:01 4202930    /lib/i386-linux-gnu/libnss_nis-2.15.so
003fe000-003ff000 r--p 00009000 08:01 4202930    /lib/i386-linux-gnu/libnss_nis-2.15.so
003ff000-00400000 rw-p 0000a000 08:01 4202930    /lib/i386-linux-gnu/libnss_nis-2.15.so
00522000-00538000 r-xp 00000000 08:01 4197866    /lib/i386-linux-gnu/libnsl-2.15.so
00538000-00539000 r--p 00015000 08:01 4197866    /lib/i386-linux-gnu/libnsl-2.15.so
00539000-0053a000 rw-p 00016000 08:01 4197866    /lib/i386-linux-gnu/libnsl-2.15.so
0053a000-0053c000 rw-p 00000000 00:00 0 
005d6000-005f6000 r-xp 00000000 08:01 4202455    /lib/i386-linux-gnu/ld-2.15.so
005f6000-005f7000 r--p 0001f000 08:01 4202455    /lib/i386-linux-gnu/ld-2.15.so
005f7000-005f8000 rw-p 00020000 08:01 4202455    /lib/i386-linux-gnu/ld-2.15.so
00698000-0083c000 r-xp 00000000 08:01 4202935    /lib/i386-linux-gnu/libc-2.15.so
0083c000-0083e000 r--p 001a4000 08:01 4202935    /lib/i386-linux-gnu/libc-2.15.so
0083e000-0083f000 rw-p 001a6000 08:01 4202935    /lib/i386-linux-gnu/libc-2.15.so
0083f000-00842000 rw-p 00000000 00:00 0 
0090f000-00916000 r-xp 00000000 08:01 4202469    /lib/i386-linux-gnu/librt-2.15.so
00916000-00917000 r--p 00006000 08:01 4202469    /lib/i386-linux-gnu/librt-2.15.so
00917000-00918000 rw-p 00007000 08:01 4202469    /lib/i386-linux-gnu/librt-2.15.so
00952000-00955000 r-xp 00000000 08:01 4202933    /lib/i386-linux-gnu/libdl-2.15.so
00955000-00956000 r--p 00002000 08:01 4202933    /lib/i386-linux-gnu/libdl-2.15.so
00956000-00957000 rw-p 00003000 08:01 4202933    /lib/i386-linux-gnu/libdl-2.15.so
00a8c000-00a93000 r-xp 00000000 08:01 4618680    /usr/lib/jvm/java-6-openjdk-i386/jre/lib/i386/libzip.so
00a93000-00a94000 r--p 00006000 08:01 4618680    /usr/lib/jvm/java-6-openjdk-i386/jre/lib/i386/libzip.so
00a94000-00a95000 rw-p 00007000 08:01 4618680    /usr/lib/jvm/java-6-openjdk-i386/jre/lib/i386/libzip.so
00aea000-00af5000 r-xp 00000000 08:01 4202931    /lib/i386-linux-gnu/libnss_files-2.15.so
00af5000-00af6000 r--p 0000a000 08:01 4202931    /lib/i386-linux-gnu/libnss_files-2.15.so
00af6000-00af7000 rw-p 0000b000 08:01 4202931    /lib/i386-linux-gnu/libnss_files-2.15.so
00b3d000-00b3e000 r-xp 00000000 00:00 0          [vdso]
00bdf000-00c09000 r-xp 00000000 08:01 4202929    /lib/i386-linux-gnu/libm-2.15.so
00c09000-00c0a000 r--p 00029000 08:01 4202929    /lib/i386-linux-gnu/libm-2.15.so
00c0a000-00c0b000 rw-p 0002a000 08:01 4202929    /lib/i386-linux-gnu/libm-2.15.so
00c99000-00cb0000 r-xp 00000000 08:01 4202448    /lib/i386-linux-gnu/libpthread-2.15.so
00cb0000-00cb1000 r--p 00016000 08:01 4202448    /lib/i386-linux-gnu/libpthread-2.15.so
00cb1000-00cb2000 rw-p 00017000 08:01 4202448    /lib/i386-linux-gnu/libpthread-2.15.so
00cb2000-00cb4000 rw-p 00000000 00:00 0 
00dcf000-00dda000 r-xp 00000000 08:01 4618695    /usr/lib/jvm/java-6-openjdk-i386/jre/lib/i386/libverify.so
00dda000-00ddb000 ---p 0000b000 08:01 4618695    /usr/lib/jvm/java-6-openjdk-i386/jre/lib/i386/libverify.so
00ddb000-00ddc000 r--p 0000b000 08:01 4618695    /usr/lib/jvm/java-6-openjdk-i386/jre/lib/i386/libverify.so
00ddc000-00ddd000 rw-p 0000c000 08:01 4618695    /usr/lib/jvm/java-6-openjdk-i386/jre/lib/i386/libverify.so
00f27000-00f2b000 r-xp 00000000 08:01 4618679    /usr/lib/jvm/java-6-openjdk-i386/jre/lib/i386/jli/libjli.so
00f2b000-00f2c000 r--p 00003000 08:01 4618679    /usr/lib/jvm/java-6-openjdk-i386/jre/lib/i386/jli/libjli.so
00f2c000-00f2d000 rw-p 00004000 08:01 4618679    /usr/lib/jvm/java-6-openjdk-i386/jre/lib/i386/jli/libjli.so
00f2d000-0174d000 r-xp 00000000 08:01 4618663    /usr/lib/jvm/java-6-openjdk-i386/jre/lib/i386/server/libjvm.so
0174d000-01792000 r--p 0081f000 08:01 4618663    /usr/lib/jvm/java-6-openjdk-i386/jre/lib/i386/server/libjvm.so
01792000-017a1000 rw-p 00864000 08:01 4618663    /usr/lib/jvm/java-6-openjdk-i386/jre/lib/i386/server/libjvm.so
017a1000-01bbb000 rw-p 00000000 00:00 0 
08048000-08051000 r-xp 00000000 08:01 4618651    /usr/lib/jvm/java-6-openjdk-i386/jre/bin/java
08051000-08052000 r--p 00008000 08:01 4618651    /usr/lib/jvm/java-6-openjdk-i386/jre/bin/java
08052000-08053000 rw-p 00009000 08:01 4618651    /usr/lib/jvm/java-6-openjdk-i386/jre/bin/java
08a79000-08a9a000 rw-p 00000000 00:00 0          [heap]
84b29000-84c00000 r--s 013f2000 00:14 692003     /home/marcos/android-sdks/platforms/android-19/android.jar
84c00000-84c21000 rw-p 00000000 00:00 0 
84c21000-84d00000 ---p 00000000 00:00 0 
84d7f000-84d80000 ---p 00000000 00:00 0 
84d80000-84e00000 rw-p 00000000 00:00 0 
84e00000-84e21000 rw-p 00000000 00:00 0 
84e21000-84f00000 ---p 00000000 00:00 0 
84f74000-84f75000 ---p 00000000 00:00 0 
84f75000-85003000 rw-p 00000000 00:00 0 
85003000-850c6000 rw-p 00000000 00:00 0 
850c6000-850ce000 rw-p 00000000 00:00 0 
850ce000-85106000 rw-p 00000000 00:00 0 
85106000-85114000 rw-p 00000000 00:00 0 
85114000-851d6000 rw-p 00000000 00:00 0 
851d6000-851de000 rw-p 00000000 00:00 0 
851de000-8523f000 rw-p 00000000 00:00 0 
8523f000-86240000 rw-p 00000000 00:00 0 
86240000-8d240000 rw-p 00000000 00:00 0 
8d240000-8ec50000 rw-p 00000000 00:00 0 
8ec50000-a73a0000 rw-p 00000000 00:00 0 
a73a0000-a80a0000 rw-p 00000000 00:00 0 
a80a0000-b4440000 rw-p 00000000 00:00 0 
b4440000-b4449000 rw-p 00000000 00:00 0 
b4449000-b4500000 rw-p 00000000 00:00 0 
b4500000-b4740000 rwxp 00000000 00:00 0 
b4740000-b7565000 rw-p 00000000 00:00 0 
b7565000-b7600000 ---p 00000000 00:00 0 
b767a000-b7682000 rw-p 00000000 00:00 0 
b7682000-b76ba000 rw-p 00000000 00:00 0 
b76ba000-b76bd000 ---p 00000000 00:00 0 
b76bd000-b770e000 rw-p 00000000 00:00 0 
b7724000-b772c000 rw-s 00000000 08:01 1704030    /tmp/hsperfdata_marcos/8110
b772c000-b772d000 rw-p 00000000 00:00 0 
b772d000-b772e000 r--p 00000000 00:00 0 
b772e000-b7730000 rw-p 00000000 00:00 0 
bfe73000-bfe95000 rw-p 00000000 00:00 0          [stack]

VM Arguments:
jvm_args: -Dfile.encoding=UTF-8 -Xbootclasspath:/home/marcos/android-sdks/platforms/android-19/android.jar 
java_command: org.eclipse.jdt.internal.junit.runner.RemoteTestRunner -version 3 -port 47580 -testLoaderClass org.eclipse.jdt.internal.junit.runner.junit3.JUnit3TestLoader -loaderpluginname org.eclipse.jdt.junit.runtime -classNames com.example.charactergenerator.CharacteristicsTest
Launcher Type: SUN_STANDARD

Environment Variables:
PATH=/usr/local/heroku/bin:/home/marcos/.rvm/gems/ruby-1.9.2-p318/bin:/home/marcos/.rvm/gems/ruby-1.9.2-p318@global/bin:/home/marcos/.rvm/rubies/ruby-1.9.2-p318/bin:/home/marcos/.rvm/bin:/home/marcos/bin:/usr/lib/lightdm/lightdm:/usr/local/sbin:/usr/local/bin:/usr/sbin:/usr/bin:/sbin:/bin:/usr/games:/home/marcos/bin:/home/marcos/android-sdks/tools:/home/marcos/android-sdks/platform-tools
LD_LIBRARY_PATH=/usr/lib/jvm/java-6-openjdk-i386/jre/lib/i386/server:/usr/lib/jvm/java-6-openjdk-i386/jre/lib/i386:/usr/lib/jvm/java-6-openjdk-i386/jre/../lib/i386:/usr/lib/jvm/java-6-openjdk-i386/jre/lib/i386/client:/usr/lib/jvm/java-6-openjdk-i386/jre/lib/i386:
SHELL=/bin/bash
DISPLAY=:0.0

Signal Handlers:
SIGSEGV: [libjvm.so+0x66e730], sa_mask[0]=0x7ffbfeff, sa_flags=0x10000004
SIGBUS: [libjvm.so+0x66e730], sa_mask[0]=0x7ffbfeff, sa_flags=0x10000004
SIGFPE: [libjvm.so+0x530470], sa_mask[0]=0x7ffbfeff, sa_flags=0x10000004
SIGPIPE: [libjvm.so+0x530470], sa_mask[0]=0x7ffbfeff, sa_flags=0x10000004
SIGXFSZ: [libjvm.so+0x530470], sa_mask[0]=0x7ffbfeff, sa_flags=0x10000004
SIGILL: [libjvm.so+0x530470], sa_mask[0]=0x7ffbfeff, sa_flags=0x10000004
SIGUSR1: SIG_DFL, sa_mask[0]=0x00000000, sa_flags=0x00000000
SIGUSR2: [libjvm.so+0x530300], sa_mask[0]=0x00000004, sa_flags=0x10000004
SIGHUP: SIG_DFL, sa_mask[0]=0x00000000, sa_flags=0x00000000
SIGINT: SIG_DFL, sa_mask[0]=0x00000000, sa_flags=0x00000000
SIGTERM: SIG_DFL, sa_mask[0]=0x00000000, sa_flags=0x00000000
SIGQUIT: SIG_DFL, sa_mask[0]=0x00000000, sa_flags=0x00000000


---------------  S Y S T E M  ---------------

OS:Ubuntu 12.04 (precise)
uname:Linux 3.2.0-55-generic #85-Ubuntu SMP Wed Oct 2 13:43:27 UTC 2013 i686
libc:glibc 2.15 NPTL 2.15 
rlimit: STACK 8192k, CORE 0k, NPROC 19835, NOFILE 4096, AS infinity
load average:3.15 2.25 2.07

/proc/meminfo:
MemTotal:        2558860 kB
MemFree:          149176 kB
Buffers:           23800 kB
Cached:           257088 kB
SwapCached:         4716 kB
Active:          1312944 kB
Inactive:         707828 kB
Active(anon):    1184140 kB
Inactive(anon):   570140 kB
Active(file):     128804 kB
Inactive(file):   137688 kB
Unevictable:          16 kB
Mlocked:              16 kB
HighTotal:       1690928 kB
HighFree:          21268 kB
LowTotal:         867932 kB
LowFree:          127908 kB
SwapTotal:       1951740 kB
SwapFree:        1862508 kB
Dirty:              6584 kB
Writeback:           356 kB
AnonPages:       1735752 kB
Mapped:           278744 kB
Shmem:             14216 kB
Slab:              71856 kB
SReclaimable:      37544 kB
SUnreclaim:        34312 kB
KernelStack:        4840 kB
PageTables:        20528 kB
NFS_Unstable:          0 kB
Bounce:                0 kB
WritebackTmp:          0 kB
CommitLimit:     3231168 kB
Committed_AS:    6252972 kB
VmallocTotal:     122880 kB
VmallocUsed:       46184 kB
VmallocChunk:      72168 kB
HardwareCorrupted:     0 kB
AnonHugePages:         0 kB
HugePages_Total:       0
HugePages_Free:        0
HugePages_Rsvd:        0
HugePages_Surp:        0
Hugepagesize:       4096 kB
DirectMap4k:      159736 kB
DirectMap4M:      749568 kB


CPU:total 2 (2 cores per cpu, 1 threads per core) family 18 model 1 stepping 0, cmov, cx8, fxsr, mmx, sse, sse2, sse3, popcnt, mmxext, 3dnowpref, lzcnt, sse4a

Memory: 4k page, physical 2558860k(149176k free), swap 1951740k(1862508k free)

vm_info: OpenJDK Server VM (20.0-b12) for linux-x86 JRE (1.6.0_27-b27), built on Jul 17 2013 13:43:50 by "buildd" with gcc 4.6.3

time: Sun Nov  3 21:07:43 2013
elapsed time: 0 seconds

