#
# A fatal error has been detected by the Java Runtime Environment:
#
#  Internal Error (classFileParser.cpp:3494), pid=8053, tid=3077733184
#  Error: ShouldNotReachHere()
#
# JRE version: 6.0_27-b27
# Java VM: OpenJDK Server VM (20.0-b12 mixed mode linux-x86 )
# Derivative: IcedTea6 1.12.6
# Distribution: Ubuntu 12.04 LTS, package 6b27-1.12.6-1ubuntu0.12.04.2
# If you would like to submit a bug report, please include
# instructions how to reproduce the bug and visit:
#   https://bugs.launchpad.net/ubuntu/+source/openjdk-6/
#

---------------  T H R E A D  ---------------

Current thread (0xb7505800):  JavaThread "Unknown thread" [_thread_in_vm, id=8055, stack(0xb76d7000,0xb7728000)]

Stack: [0xb76d7000,0xb7728000]
[error occurred during error reporting (printing stack bounds), id 0xb]


[error occurred during error reporting (printing native stack), id 0xb]


---------------  P R O C E S S  ---------------

Java Threads: ( => current thread )

Other Threads:

=>0xb7505800 (exited) JavaThread "Unknown thread" [_thread_in_vm, id=8055, stack(0xb76d7000,0xb7728000)]

VM state:not at safepoint (not fully initialized)

VM Mutex/Monitor currently owned by a thread: None

Dynamic libraries:
00110000-002b4000 r-xp 00000000 08:01 4202935    /lib/i386-linux-gnu/libc-2.15.so
002b4000-002b6000 r--p 001a4000 08:01 4202935    /lib/i386-linux-gnu/libc-2.15.so
002b6000-002b7000 rw-p 001a6000 08:01 4202935    /lib/i386-linux-gnu/libc-2.15.so
002b7000-002ba000 rw-p 00000000 00:00 0 
002ba000-002ce000 r-xp 00000000 08:01 4194411    /lib/i386-linux-gnu/libz.so.1.2.3.4
002ce000-002cf000 r--p 00013000 08:01 4194411    /lib/i386-linux-gnu/libz.so.1.2.3.4
002cf000-002d0000 rw-p 00014000 08:01 4194411    /lib/i386-linux-gnu/libz.so.1.2.3.4
002d0000-002fa000 r-xp 00000000 08:01 4202929    /lib/i386-linux-gnu/libm-2.15.so
002fa000-002fb000 r--p 00029000 08:01 4202929    /lib/i386-linux-gnu/libm-2.15.so
002fb000-002fc000 rw-p 0002a000 08:01 4202929    /lib/i386-linux-gnu/libm-2.15.so
002fc000-00318000 r-xp 00000000 08:01 4194375    /lib/i386-linux-gnu/libgcc_s.so.1
00318000-00319000 r--p 0001b000 08:01 4194375    /lib/i386-linux-gnu/libgcc_s.so.1
00319000-0031a000 rw-p 0001c000 08:01 4194375    /lib/i386-linux-gnu/libgcc_s.so.1
0031a000-00321000 r-xp 00000000 08:01 4202469    /lib/i386-linux-gnu/librt-2.15.so
00321000-00322000 r--p 00006000 08:01 4202469    /lib/i386-linux-gnu/librt-2.15.so
00322000-00323000 rw-p 00007000 08:01 4202469    /lib/i386-linux-gnu/librt-2.15.so
00323000-0032e000 r-xp 00000000 08:01 4618695    /usr/lib/jvm/java-6-openjdk-i386/jre/lib/i386/libverify.so
0032e000-0032f000 ---p 0000b000 08:01 4618695    /usr/lib/jvm/java-6-openjdk-i386/jre/lib/i386/libverify.so
0032f000-00330000 r--p 0000b000 08:01 4618695    /usr/lib/jvm/java-6-openjdk-i386/jre/lib/i386/libverify.so
00330000-00331000 rw-p 0000c000 08:01 4618695    /usr/lib/jvm/java-6-openjdk-i386/jre/lib/i386/libverify.so
00331000-0033b000 r-xp 00000000 08:01 4202930    /lib/i386-linux-gnu/libnss_nis-2.15.so
0033b000-0033c000 r--p 00009000 08:01 4202930    /lib/i386-linux-gnu/libnss_nis-2.15.so
0033c000-0033d000 rw-p 0000a000 08:01 4202930    /lib/i386-linux-gnu/libnss_nis-2.15.so
0033d000-00344000 r-xp 00000000 08:01 4618680    /usr/lib/jvm/java-6-openjdk-i386/jre/lib/i386/libzip.so
00344000-00345000 r--p 00006000 08:01 4618680    /usr/lib/jvm/java-6-openjdk-i386/jre/lib/i386/libzip.so
00345000-00346000 rw-p 00007000 08:01 4618680    /usr/lib/jvm/java-6-openjdk-i386/jre/lib/i386/libzip.so
00357000-00377000 r-xp 00000000 08:01 4202455    /lib/i386-linux-gnu/ld-2.15.so
00377000-00378000 r--p 0001f000 08:01 4202455    /lib/i386-linux-gnu/ld-2.15.so
00378000-00379000 rw-p 00020000 08:01 4202455    /lib/i386-linux-gnu/ld-2.15.so
003fb000-00421000 r-xp 00000000 08:01 4618670    /usr/lib/jvm/java-6-openjdk-i386/jre/lib/i386/libjava.so
00421000-00422000 r--p 00025000 08:01 4618670    /usr/lib/jvm/java-6-openjdk-i386/jre/lib/i386/libjava.so
00422000-00424000 rw-p 00026000 08:01 4618670    /usr/lib/jvm/java-6-openjdk-i386/jre/lib/i386/libjava.so
00510000-00527000 r-xp 00000000 08:01 4202448    /lib/i386-linux-gnu/libpthread-2.15.so
00527000-00528000 r--p 00016000 08:01 4202448    /lib/i386-linux-gnu/libpthread-2.15.so
00528000-00529000 rw-p 00017000 08:01 4202448    /lib/i386-linux-gnu/libpthread-2.15.so
00529000-0052b000 rw-p 00000000 00:00 0 
006b3000-006b7000 r-xp 00000000 08:01 4618679    /usr/lib/jvm/java-6-openjdk-i386/jre/lib/i386/jli/libjli.so
006b7000-006b8000 r--p 00003000 08:01 4618679    /usr/lib/jvm/java-6-openjdk-i386/jre/lib/i386/jli/libjli.so
006b8000-006b9000 rw-p 00004000 08:01 4618679    /usr/lib/jvm/java-6-openjdk-i386/jre/lib/i386/jli/libjli.so
0071f000-00720000 r-xp 00000000 00:00 0          [vdso]
00898000-00970000 r-xp 00000000 08:01 4456473    /usr/lib/i386-linux-gnu/libstdc++.so.6.0.16
00970000-00971000 ---p 000d8000 08:01 4456473    /usr/lib/i386-linux-gnu/libstdc++.so.6.0.16
00971000-00975000 r--p 000d8000 08:01 4456473    /usr/lib/i386-linux-gnu/libstdc++.so.6.0.16
00975000-00976000 rw-p 000dc000 08:01 4456473    /usr/lib/i386-linux-gnu/libstdc++.so.6.0.16
00976000-0097d000 rw-p 00000000 00:00 0 
00c96000-00cac000 r-xp 00000000 08:01 4197866    /lib/i386-linux-gnu/libnsl-2.15.so
00cac000-00cad000 r--p 00015000 08:01 4197866    /lib/i386-linux-gnu/libnsl-2.15.so
00cad000-00cae000 rw-p 00016000 08:01 4197866    /lib/i386-linux-gnu/libnsl-2.15.so
00cae000-00cb0000 rw-p 00000000 00:00 0 
00d10000-00d1b000 r-xp 00000000 08:01 4202931    /lib/i386-linux-gnu/libnss_files-2.15.so
00d1b000-00d1c000 r--p 0000a000 08:01 4202931    /lib/i386-linux-gnu/libnss_files-2.15.so
00d1c000-00d1d000 rw-p 0000b000 08:01 4202931    /lib/i386-linux-gnu/libnss_files-2.15.so
00e48000-00e4f000 r-xp 00000000 08:01 4202932    /lib/i386-linux-gnu/libnss_compat-2.15.so
00e4f000-00e50000 r--p 00006000 08:01 4202932    /lib/i386-linux-gnu/libnss_compat-2.15.so
00e50000-00e51000 rw-p 00007000 08:01 4202932    /lib/i386-linux-gnu/libnss_compat-2.15.so
00fe2000-00fe5000 r-xp 00000000 08:01 4202933    /lib/i386-linux-gnu/libdl-2.15.so
00fe5000-00fe6000 r--p 00002000 08:01 4202933    /lib/i386-linux-gnu/libdl-2.15.so
00fe6000-00fe7000 rw-p 00003000 08:01 4202933    /lib/i386-linux-gnu/libdl-2.15.so
00fe7000-01807000 r-xp 00000000 08:01 4618663    /usr/lib/jvm/java-6-openjdk-i386/jre/lib/i386/server/libjvm.so
01807000-0184c000 r--p 0081f000 08:01 4618663    /usr/lib/jvm/java-6-openjdk-i386/jre/lib/i386/server/libjvm.so
0184c000-0185b000 rw-p 00864000 08:01 4618663    /usr/lib/jvm/java-6-openjdk-i386/jre/lib/i386/server/libjvm.so
0185b000-01c75000 rw-p 00000000 00:00 0 
08048000-08051000 r-xp 00000000 08:01 4618651    /usr/lib/jvm/java-6-openjdk-i386/jre/bin/java
08051000-08052000 r--p 00008000 08:01 4618651    /usr/lib/jvm/java-6-openjdk-i386/jre/bin/java
08052000-08053000 rw-p 00009000 08:01 4618651    /usr/lib/jvm/java-6-openjdk-i386/jre/bin/java
09310000-09331000 rw-p 00000000 00:00 0          [heap]
84c00000-84c21000 rw-p 00000000 00:00 0 
84c21000-84d00000 ---p 00000000 00:00 0 
84d29000-84e00000 r--s 013f2000 00:14 692003     /home/marcos/android-sdks/platforms/android-19/android.jar
84e00000-84e21000 rw-p 00000000 00:00 0 
84e21000-84f00000 ---p 00000000 00:00 0 
84f73000-84f74000 ---p 00000000 00:00 0 
84f74000-84ff4000 rw-p 00000000 00:00 0 
84ff4000-84ff5000 ---p 00000000 00:00 0 
84ff5000-8507d000 rw-p 00000000 00:00 0 
8507d000-850b5000 rw-p 00000000 00:00 0 
850b5000-850c3000 rw-p 00000000 00:00 0 
850c3000-85186000 rw-p 00000000 00:00 0 
85186000-8518e000 rw-p 00000000 00:00 0 
8518e000-851c6000 rw-p 00000000 00:00 0 
851c6000-851d4000 rw-p 00000000 00:00 0 
851d4000-85296000 rw-p 00000000 00:00 0 
85296000-8529e000 rw-p 00000000 00:00 0 
8529e000-852ff000 rw-p 00000000 00:00 0 
852ff000-86300000 rw-p 00000000 00:00 0 
86300000-8d300000 rw-p 00000000 00:00 0 
8d300000-8ed10000 rw-p 00000000 00:00 0 
8ed10000-a7460000 rw-p 00000000 00:00 0 
a7460000-a8160000 rw-p 00000000 00:00 0 
a8160000-b4500000 rw-p 00000000 00:00 0 
b4500000-b4740000 rwxp 00000000 00:00 0 
b4740000-b7565000 rw-p 00000000 00:00 0 
b7565000-b7600000 ---p 00000000 00:00 0 
b7617000-b7620000 rw-p 00000000 00:00 0 
b7620000-b76d7000 rw-p 00000000 00:00 0 
b76d7000-b76da000 ---p 00000000 00:00 0 
b76da000-b772b000 rw-p 00000000 00:00 0 
b7741000-b7749000 rw-s 00000000 08:01 1704030    /tmp/hsperfdata_marcos/8053
b7749000-b774a000 rw-p 00000000 00:00 0 
b774a000-b774b000 r--p 00000000 00:00 0 
b774b000-b774d000 rw-p 00000000 00:00 0 
bffb5000-bffd7000 rw-p 00000000 00:00 0          [stack]

VM Arguments:
jvm_args: -Dfile.encoding=UTF-8 -Xbootclasspath:/home/marcos/android-sdks/platforms/android-19/android.jar 
java_command: org.eclipse.jdt.internal.junit.runner.RemoteTestRunner -version 3 -port 42880 -testLoaderClass org.eclipse.jdt.internal.junit.runner.junit3.JUnit3TestLoader -loaderpluginname org.eclipse.jdt.junit.runtime -classNames com.example.charactergenerator.CharacteristicsTest
Launcher Type: SUN_STANDARD

Environment Variables:
PATH=/usr/local/heroku/bin:/home/marcos/.rvm/gems/ruby-1.9.2-p318/bin:/home/marcos/.rvm/gems/ruby-1.9.2-p318@global/bin:/home/marcos/.rvm/rubies/ruby-1.9.2-p318/bin:/home/marcos/.rvm/bin:/home/marcos/bin:/usr/lib/lightdm/lightdm:/usr/local/sbin:/usr/local/bin:/usr/sbin:/usr/bin:/sbin:/bin:/usr/games:/home/marcos/bin:/home/marcos/android-sdks/tools:/home/marcos/android-sdks/platform-tools
LD_LIBRARY_PATH=/usr/lib/jvm/java-6-openjdk-i386/jre/lib/i386/server:/usr/lib/jvm/java-6-openjdk-i386/jre/lib/i386:/usr/lib/jvm/java-6-openjdk-i386/jre/../lib/i386:/usr/lib/jvm/java-6-openjdk-i386/jre/lib/i386/client:/usr/lib/jvm/java-6-openjdk-i386/jre/lib/i386:
SHELL=/bin/bash
DISPLAY=:0.0

Signal Handlers:
SIGSEGV: [libjvm.so+0x66e730], sa_mask[0]=0x7ffbfeff, sa_flags=0x10000004
SIGBUS: [libjvm.so+0x66e730], sa_mask[0]=0x7ffbfeff, sa_flags=0x10000004
SIGFPE: [libjvm.so+0x530470], sa_mask[0]=0x7ffbfeff, sa_flags=0x10000004
SIGPIPE: [libjvm.so+0x530470], sa_mask[0]=0x7ffbfeff, sa_flags=0x10000004
SIGXFSZ: [libjvm.so+0x530470], sa_mask[0]=0x7ffbfeff, sa_flags=0x10000004
SIGILL: [libjvm.so+0x530470], sa_mask[0]=0x7ffbfeff, sa_flags=0x10000004
SIGUSR1: SIG_DFL, sa_mask[0]=0x00000000, sa_flags=0x00000000
SIGUSR2: [libjvm.so+0x530300], sa_mask[0]=0x00000004, sa_flags=0x10000004
SIGHUP: SIG_DFL, sa_mask[0]=0x00000000, sa_flags=0x00000000
SIGINT: SIG_DFL, sa_mask[0]=0x00000000, sa_flags=0x00000000
SIGTERM: SIG_DFL, sa_mask[0]=0x00000000, sa_flags=0x00000000
SIGQUIT: SIG_DFL, sa_mask[0]=0x00000000, sa_flags=0x00000000


---------------  S Y S T E M  ---------------

OS:Ubuntu 12.04 (precise)
uname:Linux 3.2.0-55-generic #85-Ubuntu SMP Wed Oct 2 13:43:27 UTC 2013 i686
libc:glibc 2.15 NPTL 2.15 
rlimit: STACK 8192k, CORE 0k, NPROC 19835, NOFILE 4096, AS infinity
load average:1.59 1.88 1.95

/proc/meminfo:
MemTotal:        2558860 kB
MemFree:          174484 kB
Buffers:           11452 kB
Cached:           231768 kB
SwapCached:         2856 kB
Active:          1318844 kB
Inactive:         675796 kB
Active(anon):    1192856 kB
Inactive(anon):   576728 kB
Active(file):     125988 kB
Inactive(file):    99068 kB
Unevictable:          16 kB
Mlocked:              16 kB
HighTotal:       1690928 kB
HighFree:          41356 kB
LowTotal:         867932 kB
LowFree:          133128 kB
SwapTotal:       1951740 kB
SwapFree:        1870672 kB
Dirty:               932 kB
Writeback:             0 kB
AnonPages:       1748856 kB
Mapped:           288716 kB
Shmem:             18120 kB
Slab:              73448 kB
SReclaimable:      38488 kB
SUnreclaim:        34960 kB
KernelStack:        4880 kB
PageTables:        20492 kB
NFS_Unstable:          0 kB
Bounce:                0 kB
WritebackTmp:          0 kB
CommitLimit:     3231168 kB
Committed_AS:    6242468 kB
VmallocTotal:     122880 kB
VmallocUsed:       46184 kB
VmallocChunk:      72168 kB
HardwareCorrupted:     0 kB
AnonHugePages:         0 kB
HugePages_Total:       0
HugePages_Free:        0
HugePages_Rsvd:        0
HugePages_Surp:        0
Hugepagesize:       4096 kB
DirectMap4k:      159736 kB
DirectMap4M:      749568 kB


CPU:total 2 (2 cores per cpu, 1 threads per core) family 18 model 1 stepping 0, cmov, cx8, fxsr, mmx, sse, sse2, sse3, popcnt, mmxext, 3dnowpref, lzcnt, sse4a

Memory: 4k page, physical 2558860k(174484k free), swap 1951740k(1870672k free)

vm_info: OpenJDK Server VM (20.0-b12) for linux-x86 JRE (1.6.0_27-b27), built on Jul 17 2013 13:43:50 by "buildd" with gcc 4.6.3

time: Sun Nov  3 21:07:12 2013
elapsed time: 0 seconds

